{
"/Users/matthewmeister/betamore_bewd_f2015/ticTacToe/index.js":{"path":"/Users/matthewmeister/betamore_bewd_f2015/ticTacToe/index.js","s":{"1":1,"2":1,"3":1,"4":1,"5":1,"6":1,"7":1,"8":1,"9":1,"10":1,"11":1,"12":1,"13":1,"14":0,"15":0,"16":1,"17":1,"18":1,"19":1,"20":1,"21":1,"22":1,"23":1,"24":1,"25":1,"26":1,"27":0,"28":1,"29":0,"30":0,"31":0,"32":0},"b":{"1":[1,1],"2":[0,1],"3":[0,1],"4":[0,1]},"f":{"1":0},"fnMap":{"1":{"name":"(anonymous_1)","line":65,"loc":{"start":{"line":65,"column":60},"end":{"line":65,"column":71}}}},"statementMap":{"1":{"start":{"line":1,"column":0},"end":{"line":1,"column":33}},"2":{"start":{"line":3,"column":0},"end":{"line":3,"column":34}},"3":{"start":{"line":7,"column":0},"end":{"line":8,"column":51}},"4":{"start":{"line":9,"column":0},"end":{"line":9,"column":58}},"5":{"start":{"line":11,"column":0},"end":{"line":11,"column":42}},"6":{"start":{"line":13,"column":0},"end":{"line":13,"column":40}},"7":{"start":{"line":14,"column":0},"end":{"line":14,"column":27}},"8":{"start":{"line":15,"column":0},"end":{"line":15,"column":52}},"9":{"start":{"line":16,"column":0},"end":{"line":16,"column":33}},"10":{"start":{"line":17,"column":0},"end":{"line":17,"column":44}},"11":{"start":{"line":18,"column":0},"end":{"line":18,"column":41}},"12":{"start":{"line":20,"column":0},"end":{"line":20,"column":24}},"13":{"start":{"line":21,"column":0},"end":{"line":50,"column":1}},"14":{"start":{"line":22,"column":2},"end":{"line":22,"column":53}},"15":{"start":{"line":24,"column":2},"end":{"line":29,"column":6}},"16":{"start":{"line":31,"column":2},"end":{"line":31,"column":39}},"17":{"start":{"line":32,"column":2},"end":{"line":32,"column":75}},"18":{"start":{"line":34,"column":2},"end":{"line":40,"column":7}},"19":{"start":{"line":42,"column":2},"end":{"line":42,"column":52}},"20":{"start":{"line":43,"column":2},"end":{"line":43,"column":15}},"21":{"start":{"line":44,"column":2},"end":{"line":49,"column":6}},"22":{"start":{"line":52,"column":0},"end":{"line":52,"column":28}},"23":{"start":{"line":54,"column":0},"end":{"line":54,"column":34}},"24":{"start":{"line":56,"column":0},"end":{"line":56,"column":31}},"25":{"start":{"line":58,"column":0},"end":{"line":58,"column":29}},"26":{"start":{"line":60,"column":0},"end":{"line":62,"column":1}},"27":{"start":{"line":61,"column":2},"end":{"line":61,"column":27}},"28":{"start":{"line":64,"column":0},"end":{"line":71,"column":1}},"29":{"start":{"line":65,"column":2},"end":{"line":70,"column":5}},"30":{"start":{"line":66,"column":4},"end":{"line":66,"column":40}},"31":{"start":{"line":67,"column":4},"end":{"line":67,"column":37}},"32":{"start":{"line":69,"column":4},"end":{"line":69,"column":69}}},"branchMap":{"1":{"line":11,"type":"binary-expr","locations":[{"start":{"line":11,"column":16},"end":{"line":11,"column":32}},{"start":{"line":11,"column":36},"end":{"line":11,"column":40}}]},"2":{"line":21,"type":"if","locations":[{"start":{"line":21,"column":0},"end":{"line":21,"column":0}},{"start":{"line":21,"column":0},"end":{"line":21,"column":0}}]},"3":{"line":60,"type":"if","locations":[{"start":{"line":60,"column":0},"end":{"line":60,"column":0}},{"start":{"line":60,"column":0},"end":{"line":60,"column":0}}]},"4":{"line":64,"type":"if","locations":[{"start":{"line":64,"column":0},"end":{"line":64,"column":0}},{"start":{"line":64,"column":0},"end":{"line":64,"column":0}}]}},"l":{"1":1,"3":1,"7":1,"9":1,"11":1,"13":1,"14":1,"15":1,"16":1,"17":1,"18":1,"20":1,"21":1,"22":0,"24":0,"31":1,"32":1,"34":1,"42":1,"43":1,"44":1,"52":1,"54":1,"56":1,"58":1,"60":1,"61":0,"64":1,"65":0,"66":0,"67":0,"69":0}},
"/Users/matthewmeister/betamore_bewd_f2015/ticTacToe/models/index.js":{"path":"/Users/matthewmeister/betamore_bewd_f2015/ticTacToe/models/index.js","s":{"1":1,"2":1,"3":1,"4":1,"5":1,"6":1,"7":1,"8":1,"9":0,"10":1,"11":1,"12":3,"13":2,"14":0,"15":2,"16":2,"17":1,"18":2,"19":2,"20":1,"21":1,"22":1},"b":{"1":[1,0],"2":[0,1],"3":[3,3],"4":[0,2],"5":[2,0]},"f":{"1":3,"2":2,"3":2},"fnMap":{"1":{"name":"(anonymous_1)","line":19,"loc":{"start":{"line":19,"column":10},"end":{"line":19,"column":25}}},"2":{"name":"(anonymous_2)","line":22,"loc":{"start":{"line":22,"column":11},"end":{"line":22,"column":26}}},"3":{"name":"(anonymous_3)","line":28,"loc":{"start":{"line":28,"column":24},"end":{"line":28,"column":44}}}},"statementMap":{"1":{"start":{"line":3,"column":0},"end":{"line":3,"column":30}},"2":{"start":{"line":4,"column":0},"end":{"line":4,"column":32}},"3":{"start":{"line":5,"column":0},"end":{"line":5,"column":37}},"4":{"start":{"line":6,"column":0},"end":{"line":6,"column":47}},"5":{"start":{"line":7,"column":0},"end":{"line":7,"column":54}},"6":{"start":{"line":8,"column":0},"end":{"line":8,"column":67}},"7":{"start":{"line":9,"column":0},"end":{"line":9,"column":19}},"8":{"start":{"line":11,"column":0},"end":{"line":15,"column":1}},"9":{"start":{"line":12,"column":2},"end":{"line":12,"column":70}},"10":{"start":{"line":14,"column":2},"end":{"line":14,"column":91}},"11":{"start":{"line":17,"column":0},"end":{"line":26,"column":5}},"12":{"start":{"line":20,"column":4},"end":{"line":20,"column":60}},"13":{"start":{"line":23,"column":4},"end":{"line":23,"column":41}},"14":{"start":{"line":23,"column":34},"end":{"line":23,"column":41}},"15":{"start":{"line":24,"column":4},"end":{"line":24,"column":64}},"16":{"start":{"line":25,"column":4},"end":{"line":25,"column":27}},"17":{"start":{"line":28,"column":0},"end":{"line":32,"column":3}},"18":{"start":{"line":29,"column":2},"end":{"line":31,"column":3}},"19":{"start":{"line":30,"column":4},"end":{"line":30,"column":32}},"20":{"start":{"line":34,"column":0},"end":{"line":34,"column":25}},"21":{"start":{"line":35,"column":0},"end":{"line":35,"column":25}},"22":{"start":{"line":37,"column":0},"end":{"line":37,"column":20}}},"branchMap":{"1":{"line":7,"type":"binary-expr","locations":[{"start":{"line":7,"column":16},"end":{"line":7,"column":36}},{"start":{"line":7,"column":40},"end":{"line":7,"column":53}}]},"2":{"line":11,"type":"if","locations":[{"start":{"line":11,"column":0},"end":{"line":11,"column":0}},{"start":{"line":11,"column":0},"end":{"line":11,"column":0}}]},"3":{"line":20,"type":"binary-expr","locations":[{"start":{"line":20,"column":12},"end":{"line":20,"column":35}},{"start":{"line":20,"column":41},"end":{"line":20,"column":58}}]},"4":{"line":23,"type":"if","locations":[{"start":{"line":23,"column":4},"end":{"line":23,"column":4}},{"start":{"line":23,"column":4},"end":{"line":23,"column":4}}]},"5":{"line":29,"type":"if","locations":[{"start":{"line":29,"column":2},"end":{"line":29,"column":2}},{"start":{"line":29,"column":2},"end":{"line":29,"column":2}}]}},"l":{"3":1,"4":1,"5":1,"6":1,"7":1,"8":1,"9":1,"11":1,"12":0,"14":1,"17":1,"20":3,"23":2,"24":2,"25":2,"28":1,"29":2,"30":2,"34":1,"35":1,"37":1}},
"/Users/matthewmeister/betamore_bewd_f2015/ticTacToe/models/board.js":{"path":"/Users/matthewmeister/betamore_bewd_f2015/ticTacToe/models/board.js","s":{"1":1,"2":1,"3":0,"4":0,"5":1,"6":1,"7":0,"8":0,"9":0,"10":0,"11":0,"12":0,"13":0,"14":1},"b":{"1":[0,0],"2":[0,0]},"f":{"1":1,"2":0,"3":0,"4":1,"5":0,"6":0,"7":0,"8":0,"9":0,"10":0,"11":0},"fnMap":{"1":{"name":"(anonymous_1)","line":4,"loc":{"start":{"line":4,"column":17},"end":{"line":4,"column":48}}},"2":{"name":"(anonymous_2)","line":8,"loc":{"start":{"line":8,"column":15},"end":{"line":8,"column":26}}},"3":{"name":"(anonymous_3)","line":11,"loc":{"start":{"line":11,"column":21},"end":{"line":11,"column":35}}},"4":{"name":"(anonymous_4)","line":29,"loc":{"start":{"line":29,"column":17},"end":{"line":29,"column":34}}},"5":{"name":"(anonymous_5)","line":35,"loc":{"start":{"line":35,"column":24},"end":{"line":35,"column":35}}},"6":{"name":"(anonymous_6)","line":38,"loc":{"start":{"line":38,"column":16},"end":{"line":38,"column":31}}},"7":{"name":"(anonymous_7)","line":41,"loc":{"start":{"line":41,"column":20},"end":{"line":41,"column":31}}},"8":{"name":"(anonymous_8)","line":44,"loc":{"start":{"line":44,"column":20},"end":{"line":44,"column":31}}},"9":{"name":"(anonymous_9)","line":49,"loc":{"start":{"line":49,"column":13},"end":{"line":49,"column":24}}},"10":{"name":"(anonymous_10)","line":58,"loc":{"start":{"line":58,"column":17},"end":{"line":58,"column":28}}},"11":{"name":"(anonymous_11)","line":74,"loc":{"start":{"line":74,"column":15},"end":{"line":74,"column":27}}}},"statementMap":{"1":{"start":{"line":4,"column":0},"end":{"line":87,"column":2}},"2":{"start":{"line":5,"column":2},"end":{"line":85,"column":5}},"3":{"start":{"line":9,"column":14},"end":{"line":13,"column":19}},"4":{"start":{"line":12,"column":18},"end":{"line":12,"column":39}},"5":{"start":{"line":30,"column":8},"end":{"line":30,"column":81}},"6":{"start":{"line":31,"column":8},"end":{"line":31,"column":81}},"7":{"start":{"line":36,"column":8},"end":{"line":36,"column":50}},"8":{"start":{"line":39,"column":8},"end":{"line":39,"column":70}},"9":{"start":{"line":42,"column":8},"end":{"line":42,"column":30}},"10":{"start":{"line":45,"column":8},"end":{"line":45,"column":30}},"11":{"start":{"line":50,"column":8},"end":{"line":56,"column":10}},"12":{"start":{"line":59,"column":8},"end":{"line":64,"column":10}},"13":{"start":{"line":75,"column":8},"end":{"line":82,"column":10}},"14":{"start":{"line":86,"column":2},"end":{"line":86,"column":15}}},"branchMap":{"1":{"line":36,"type":"binary-expr","locations":[{"start":{"line":36,"column":15},"end":{"line":36,"column":30}},{"start":{"line":36,"column":34},"end":{"line":36,"column":49}}]},"2":{"line":39,"type":"binary-expr","locations":[{"start":{"line":39,"column":15},"end":{"line":39,"column":40}},{"start":{"line":39,"column":44},"end":{"line":39,"column":69}}]}},"l":{"4":1,"5":1,"9":0,"12":0,"30":1,"31":1,"36":0,"39":0,"42":0,"45":0,"50":0,"59":0,"75":0,"86":1}},
"/Users/matthewmeister/betamore_bewd_f2015/ticTacToe/models/user.js":{"path":"/Users/matthewmeister/betamore_bewd_f2015/ticTacToe/models/user.js","s":{"1":1,"2":1,"3":1,"4":1,"5":0,"6":0,"7":0,"8":0,"9":0,"10":0,"11":0,"12":15,"13":15,"14":15,"15":1},"b":{"1":[0,0],"2":[0,0]},"f":{"1":1,"2":1,"3":0,"4":0,"5":0,"6":0,"7":0,"8":0,"9":0,"10":15,"11":15},"fnMap":{"1":{"name":"(anonymous_1)","line":2,"loc":{"start":{"line":2,"column":17},"end":{"line":2,"column":48}}},"2":{"name":"(anonymous_2)","line":30,"loc":{"start":{"line":30,"column":17},"end":{"line":30,"column":34}}},"3":{"name":"(anonymous_3)","line":34,"loc":{"start":{"line":34,"column":22},"end":{"line":34,"column":36}}},"4":{"name":"(anonymous_4)","line":39,"loc":{"start":{"line":39,"column":17},"end":{"line":39,"column":28}}},"5":{"name":"(anonymous_5)","line":43,"loc":{"start":{"line":43,"column":16},"end":{"line":43,"column":33}}},"6":{"name":"(anonymous_6)","line":44,"loc":{"start":{"line":44,"column":31},"end":{"line":44,"column":46}}},"7":{"name":"(anonymous_7)","line":47,"loc":{"start":{"line":47,"column":23},"end":{"line":47,"column":34}}},"8":{"name":"(anonymous_8)","line":50,"loc":{"start":{"line":50,"column":20},"end":{"line":50,"column":31}}},"9":{"name":"(anonymous_9)","line":60,"loc":{"start":{"line":60,"column":18},"end":{"line":60,"column":29}}},"10":{"name":"(anonymous_10)","line":70,"loc":{"start":{"line":70,"column":20},"end":{"line":70,"column":35}}},"11":{"name":"(anonymous_11)","line":74,"loc":{"start":{"line":74,"column":8},"end":{"line":74,"column":23}}}},"statementMap":{"1":{"start":{"line":2,"column":0},"end":{"line":83,"column":2}},"2":{"start":{"line":3,"column":2},"end":{"line":81,"column":5}},"3":{"start":{"line":31,"column":8},"end":{"line":31,"column":79}},"4":{"start":{"line":32,"column":8},"end":{"line":32,"column":79}},"5":{"start":{"line":35,"column":8},"end":{"line":35,"column":46}},"6":{"start":{"line":40,"column":8},"end":{"line":45,"column":11}},"7":{"start":{"line":44,"column":10},"end":{"line":44,"column":75}},"8":{"start":{"line":44,"column":48},"end":{"line":44,"column":67}},"9":{"start":{"line":48,"column":8},"end":{"line":48,"column":30}},"10":{"start":{"line":51,"column":8},"end":{"line":51,"column":49}},"11":{"start":{"line":61,"column":8},"end":{"line":66,"column":10}},"12":{"start":{"line":71,"column":8},"end":{"line":71,"column":74}},"13":{"start":{"line":75,"column":10},"end":{"line":75,"column":55}},"14":{"start":{"line":76,"column":10},"end":{"line":76,"column":76}},"15":{"start":{"line":82,"column":2},"end":{"line":82,"column":14}}},"branchMap":{"1":{"line":41,"type":"binary-expr","locations":[{"start":{"line":41,"column":11},"end":{"line":41,"column":23}},{"start":{"line":41,"column":27},"end":{"line":41,"column":44}}]},"2":{"line":42,"type":"binary-expr","locations":[{"start":{"line":42,"column":11},"end":{"line":42,"column":23}},{"start":{"line":42,"column":27},"end":{"line":42,"column":44}}]}},"l":{"2":1,"3":1,"31":1,"32":1,"35":0,"40":0,"44":0,"48":0,"51":0,"61":0,"71":15,"75":15,"76":15,"82":1}},
"/Users/matthewmeister/betamore_bewd_f2015/ticTacToe/routes.js":{"path":"/Users/matthewmeister/betamore_bewd_f2015/ticTacToe/routes.js","s":{"1":1,"2":1,"3":1,"4":1,"5":27,"6":0,"7":27,"8":0,"9":0,"10":0,"11":0,"12":0,"13":27,"14":1,"15":1,"16":1,"17":2,"18":1,"19":0,"20":0,"21":1,"22":0,"23":0,"24":0,"25":1,"26":1,"27":1,"28":1,"29":1,"30":1,"31":0,"32":0,"33":0,"34":0,"35":1,"36":0,"37":1,"38":0,"39":1},"b":{"1":[0,27],"2":[0,0],"3":[0,0]},"f":{"1":27,"2":0,"3":0,"4":2,"5":0,"6":0,"7":0,"8":0,"9":0,"10":0,"11":0},"fnMap":{"1":{"name":"(anonymous_1)","line":7,"loc":{"start":{"line":7,"column":8},"end":{"line":7,"column":33}}},"2":{"name":"(anonymous_2)","line":8,"loc":{"start":{"line":8,"column":24},"end":{"line":8,"column":35}}},"3":{"name":"(anonymous_3)","line":12,"loc":{"start":{"line":12,"column":51},"end":{"line":12,"column":66}}},"4":{"name":"(anonymous_4)","line":27,"loc":{"start":{"line":27,"column":13},"end":{"line":27,"column":32}}},"5":{"name":"(anonymous_5)","line":31,"loc":{"start":{"line":31,"column":17},"end":{"line":31,"column":36}}},"6":{"name":"(anonymous_6)","line":36,"loc":{"start":{"line":36,"column":18},"end":{"line":36,"column":37}}},"7":{"name":"(anonymous_7)","line":38,"loc":{"start":{"line":38,"column":19},"end":{"line":38,"column":30}}},"8":{"name":"(anonymous_8)","line":51,"loc":{"start":{"line":51,"column":19},"end":{"line":51,"column":38}}},"9":{"name":"(anonymous_9)","line":53,"loc":{"start":{"line":53,"column":24},"end":{"line":53,"column":38}}},"10":{"name":"(anonymous_10)","line":62,"loc":{"start":{"line":62,"column":27},"end":{"line":62,"column":46}}},"11":{"name":"(anonymous_11)","line":67,"loc":{"start":{"line":67,"column":14},"end":{"line":67,"column":33}}}},"statementMap":{"1":{"start":{"line":2,"column":0},"end":{"line":2,"column":33}},"2":{"start":{"line":3,"column":0},"end":{"line":3,"column":27}},"3":{"start":{"line":5,"column":0},"end":{"line":5,"column":33}},"4":{"start":{"line":7,"column":0},"end":{"line":22,"column":3}},"5":{"start":{"line":8,"column":2},"end":{"line":10,"column":4}},"6":{"start":{"line":9,"column":4},"end":{"line":9,"column":29}},"7":{"start":{"line":11,"column":2},"end":{"line":21,"column":3}},"8":{"start":{"line":12,"column":4},"end":{"line":18,"column":7}},"9":{"start":{"line":13,"column":6},"end":{"line":16,"column":7}},"10":{"start":{"line":14,"column":8},"end":{"line":14,"column":58}},"11":{"start":{"line":15,"column":8},"end":{"line":15,"column":56}},"12":{"start":{"line":17,"column":6},"end":{"line":17,"column":13}},"13":{"start":{"line":20,"column":4},"end":{"line":20,"column":11}},"14":{"start":{"line":24,"column":0},"end":{"line":24,"column":31}},"15":{"start":{"line":25,"column":0},"end":{"line":25,"column":59}},"16":{"start":{"line":27,"column":0},"end":{"line":29,"column":3}},"17":{"start":{"line":28,"column":2},"end":{"line":28,"column":22}},"18":{"start":{"line":31,"column":0},"end":{"line":34,"column":3}},"19":{"start":{"line":32,"column":2},"end":{"line":32,"column":42}},"20":{"start":{"line":33,"column":2},"end":{"line":33,"column":47}},"21":{"start":{"line":36,"column":0},"end":{"line":41,"column":3}},"22":{"start":{"line":37,"column":2},"end":{"line":37,"column":45}},"23":{"start":{"line":38,"column":2},"end":{"line":40,"column":5}},"24":{"start":{"line":39,"column":4},"end":{"line":39,"column":26}},"25":{"start":{"line":43,"column":0},"end":{"line":43,"column":45}},"26":{"start":{"line":45,"column":0},"end":{"line":45,"column":45}},"27":{"start":{"line":46,"column":0},"end":{"line":46,"column":45}},"28":{"start":{"line":47,"column":0},"end":{"line":47,"column":45}},"29":{"start":{"line":48,"column":0},"end":{"line":48,"column":51}},"30":{"start":{"line":51,"column":0},"end":{"line":60,"column":3}},"31":{"start":{"line":52,"column":2},"end":{"line":59,"column":3}},"32":{"start":{"line":53,"column":4},"end":{"line":55,"column":7}},"33":{"start":{"line":56,"column":4},"end":{"line":56,"column":25}},"34":{"start":{"line":58,"column":4},"end":{"line":58,"column":60}},"35":{"start":{"line":62,"column":0},"end":{"line":64,"column":3}},"36":{"start":{"line":63,"column":2},"end":{"line":63,"column":44}},"37":{"start":{"line":67,"column":0},"end":{"line":69,"column":3}},"38":{"start":{"line":68,"column":2},"end":{"line":68,"column":22}},"39":{"start":{"line":71,"column":0},"end":{"line":71,"column":21}}},"branchMap":{"1":{"line":11,"type":"if","locations":[{"start":{"line":11,"column":2},"end":{"line":11,"column":2}},{"start":{"line":11,"column":2},"end":{"line":11,"column":2}}]},"2":{"line":13,"type":"if","locations":[{"start":{"line":13,"column":6},"end":{"line":13,"column":6}},{"start":{"line":13,"column":6},"end":{"line":13,"column":6}}]},"3":{"line":52,"type":"if","locations":[{"start":{"line":52,"column":2},"end":{"line":52,"column":2}},{"start":{"line":52,"column":2},"end":{"line":52,"column":2}}]}},"l":{"2":1,"3":1,"5":1,"7":1,"8":27,"9":0,"11":27,"12":0,"13":0,"14":0,"15":0,"17":0,"20":27,"24":1,"25":1,"27":1,"28":2,"31":1,"32":0,"33":0,"36":1,"37":0,"38":0,"39":0,"43":1,"45":1,"46":1,"47":1,"48":1,"51":1,"52":0,"53":0,"56":0,"58":0,"62":1,"63":0,"67":1,"68":0,"71":1}},
"/Users/matthewmeister/betamore_bewd_f2015/ticTacToe/routes/games.js":{"path":"/Users/matthewmeister/betamore_bewd_f2015/ticTacToe/routes/games.js","s":{"1":1,"2":1,"3":1,"4":1,"5":1,"6":0,"7":0,"8":0,"9":0,"10":0,"11":1,"12":1,"13":0,"14":0,"15":1,"16":0,"17":0,"18":0,"19":0,"20":1,"21":0,"22":0,"23":1,"24":0,"25":0,"26":0,"27":0,"28":1,"29":0,"30":0,"31":0,"32":1,"33":0,"34":1,"35":0,"36":0,"37":0,"38":0,"39":0,"40":0,"41":0,"42":0,"43":0,"44":0,"45":1,"46":0,"47":0,"48":0,"49":0,"50":0,"51":0,"52":0,"53":1},"b":{"1":[0,0],"2":[0,0],"3":[0,0]},"f":{"1":0,"2":0,"3":0,"4":0,"5":0,"6":0,"7":0,"8":0,"9":0,"10":0,"11":0,"12":0,"13":0,"14":0,"15":0,"16":0,"17":0,"18":0,"19":0,"20":0,"21":0,"22":0,"23":0,"24":0,"25":0,"26":0,"27":0,"28":0},"fnMap":{"1":{"name":"(anonymous_1)","line":7,"loc":{"start":{"line":7,"column":21},"end":{"line":7,"column":46}}},"2":{"name":"(anonymous_2)","line":8,"loc":{"start":{"line":8,"column":42},"end":{"line":8,"column":54}}},"3":{"name":"checkFormat","line":23,"loc":{"start":{"line":23,"column":20},"end":{"line":23,"column":64}}},"4":{"name":"(anonymous_4)","line":28,"loc":{"start":{"line":28,"column":13},"end":{"line":28,"column":32}}},"5":{"name":"(anonymous_5)","line":29,"loc":{"start":{"line":29,"column":25},"end":{"line":29,"column":42}}},"6":{"name":"(anonymous_6)","line":31,"loc":{"start":{"line":31,"column":16},"end":{"line":31,"column":27}}},"7":{"name":"(anonymous_7)","line":34,"loc":{"start":{"line":34,"column":16},"end":{"line":34,"column":27}}},"8":{"name":"(anonymous_8)","line":48,"loc":{"start":{"line":48,"column":22},"end":{"line":48,"column":41}}},"9":{"name":"(anonymous_9)","line":49,"loc":{"start":{"line":49,"column":42},"end":{"line":49,"column":59}}},"10":{"name":"(anonymous_10)","line":56,"loc":{"start":{"line":56,"column":14},"end":{"line":56,"column":33}}},"11":{"name":"(anonymous_11)","line":58,"loc":{"start":{"line":58,"column":14},"end":{"line":58,"column":30}}},"12":{"name":"(anonymous_12)","line":61,"loc":{"start":{"line":61,"column":15},"end":{"line":61,"column":32}}},"13":{"name":"(anonymous_13)","line":62,"loc":{"start":{"line":62,"column":33},"end":{"line":62,"column":50}}},"14":{"name":"(anonymous_14)","line":70,"loc":{"start":{"line":70,"column":30},"end":{"line":70,"column":49}}},"15":{"name":"(anonymous_15)","line":72,"loc":{"start":{"line":72,"column":12},"end":{"line":72,"column":23}}},"16":{"name":"(anonymous_16)","line":75,"loc":{"start":{"line":75,"column":12},"end":{"line":75,"column":23}}},"17":{"name":"(anonymous_17)","line":81,"loc":{"start":{"line":81,"column":29},"end":{"line":81,"column":48}}},"18":{"name":"(anonymous_18)","line":85,"loc":{"start":{"line":85,"column":22},"end":{"line":85,"column":41}}},"19":{"name":"(anonymous_19)","line":87,"loc":{"start":{"line":87,"column":24},"end":{"line":87,"column":40}}},"20":{"name":"(anonymous_20)","line":89,"loc":{"start":{"line":89,"column":12},"end":{"line":89,"column":23}}},"21":{"name":"(anonymous_21)","line":92,"loc":{"start":{"line":92,"column":12},"end":{"line":92,"column":23}}},"22":{"name":"(anonymous_22)","line":97,"loc":{"start":{"line":97,"column":9},"end":{"line":97,"column":25}}},"23":{"name":"(anonymous_23)","line":99,"loc":{"start":{"line":99,"column":12},"end":{"line":99,"column":23}}},"24":{"name":"(anonymous_24)","line":101,"loc":{"start":{"line":101,"column":25},"end":{"line":101,"column":36}}},"25":{"name":"(anonymous_25)","line":105,"loc":{"start":{"line":105,"column":12},"end":{"line":105,"column":23}}},"26":{"name":"(anonymous_26)","line":113,"loc":{"start":{"line":113,"column":27},"end":{"line":113,"column":46}}},"27":{"name":"(anonymous_27)","line":120,"loc":{"start":{"line":120,"column":49},"end":{"line":120,"column":60}}},"28":{"name":"(anonymous_28)","line":124,"loc":{"start":{"line":124,"column":49},"end":{"line":124,"column":60}}}},"statementMap":{"1":{"start":{"line":1,"column":0},"end":{"line":1,"column":33}},"2":{"start":{"line":2,"column":0},"end":{"line":2,"column":27}},"3":{"start":{"line":4,"column":0},"end":{"line":4,"column":39}},"4":{"start":{"line":5,"column":0},"end":{"line":5,"column":37}},"5":{"start":{"line":7,"column":0},"end":{"line":16,"column":3}},"6":{"start":{"line":8,"column":2},"end":{"line":15,"column":5}},"7":{"start":{"line":9,"column":4},"end":{"line":14,"column":5}},"8":{"start":{"line":10,"column":6},"end":{"line":10,"column":39}},"9":{"start":{"line":11,"column":6},"end":{"line":11,"column":13}},"10":{"start":{"line":13,"column":6},"end":{"line":13,"column":45}},"11":{"start":{"line":18,"column":0},"end":{"line":21,"column":2}},"12":{"start":{"line":23,"column":0},"end":{"line":26,"column":3}},"13":{"start":{"line":24,"column":2},"end":{"line":24,"column":38}},"14":{"start":{"line":25,"column":2},"end":{"line":25,"column":9}},"15":{"start":{"line":28,"column":0},"end":{"line":46,"column":3}},"16":{"start":{"line":29,"column":4},"end":{"line":45,"column":7}},"17":{"start":{"line":30,"column":6},"end":{"line":37,"column":9}},"18":{"start":{"line":32,"column":12},"end":{"line":32,"column":52}},"19":{"start":{"line":35,"column":12},"end":{"line":35,"column":29}},"20":{"start":{"line":48,"column":0},"end":{"line":53,"column":3}},"21":{"start":{"line":49,"column":2},"end":{"line":52,"column":5}},"22":{"start":{"line":50,"column":4},"end":{"line":51,"column":44}},"23":{"start":{"line":56,"column":0},"end":{"line":68,"column":3}},"24":{"start":{"line":57,"column":4},"end":{"line":67,"column":11}},"25":{"start":{"line":59,"column":12},"end":{"line":59,"column":47}},"26":{"start":{"line":62,"column":12},"end":{"line":64,"column":15}},"27":{"start":{"line":63,"column":16},"end":{"line":63,"column":72}},"28":{"start":{"line":70,"column":0},"end":{"line":79,"column":3}},"29":{"start":{"line":71,"column":2},"end":{"line":78,"column":5}},"30":{"start":{"line":73,"column":8},"end":{"line":73,"column":37}},"31":{"start":{"line":76,"column":8},"end":{"line":76,"column":28}},"32":{"start":{"line":81,"column":0},"end":{"line":83,"column":3}},"33":{"start":{"line":82,"column":2},"end":{"line":82,"column":28}},"34":{"start":{"line":85,"column":0},"end":{"line":110,"column":3}},"35":{"start":{"line":86,"column":2},"end":{"line":86,"column":41}},"36":{"start":{"line":87,"column":2},"end":{"line":109,"column":5}},"37":{"start":{"line":88,"column":4},"end":{"line":95,"column":7}},"38":{"start":{"line":90,"column":8},"end":{"line":90,"column":43}},"39":{"start":{"line":93,"column":8},"end":{"line":93,"column":24}},"40":{"start":{"line":98,"column":4},"end":{"line":108,"column":7}},"41":{"start":{"line":100,"column":8},"end":{"line":100,"column":42}},"42":{"start":{"line":101,"column":8},"end":{"line":103,"column":11}},"43":{"start":{"line":102,"column":10},"end":{"line":102,"column":49}},"44":{"start":{"line":106,"column":8},"end":{"line":106,"column":24}},"45":{"start":{"line":113,"column":0},"end":{"line":129,"column":3}},"46":{"start":{"line":114,"column":2},"end":{"line":128,"column":3}},"47":{"start":{"line":115,"column":4},"end":{"line":115,"column":68}},"48":{"start":{"line":116,"column":4},"end":{"line":116,"column":43}},"49":{"start":{"line":118,"column":4},"end":{"line":118,"column":89}},"50":{"start":{"line":119,"column":4},"end":{"line":127,"column":5}},"51":{"start":{"line":120,"column":6},"end":{"line":122,"column":9}},"52":{"start":{"line":124,"column":6},"end":{"line":126,"column":9}},"53":{"start":{"line":131,"column":0},"end":{"line":131,"column":21}}},"branchMap":{"1":{"line":9,"type":"if","locations":[{"start":{"line":9,"column":4},"end":{"line":9,"column":4}},{"start":{"line":9,"column":4},"end":{"line":9,"column":4}}]},"2":{"line":114,"type":"if","locations":[{"start":{"line":114,"column":2},"end":{"line":114,"column":2}},{"start":{"line":114,"column":2},"end":{"line":114,"column":2}}]},"3":{"line":119,"type":"if","locations":[{"start":{"line":119,"column":4},"end":{"line":119,"column":4}},{"start":{"line":119,"column":4},"end":{"line":119,"column":4}}]}},"l":{"1":1,"2":1,"4":1,"5":1,"7":1,"8":0,"9":0,"10":0,"11":0,"13":0,"18":1,"23":1,"24":0,"25":0,"28":1,"29":0,"30":0,"32":0,"35":0,"48":1,"49":0,"50":0,"56":1,"57":0,"59":0,"62":0,"63":0,"70":1,"71":0,"73":0,"76":0,"81":1,"82":0,"85":1,"86":0,"87":0,"88":0,"90":0,"93":0,"98":0,"100":0,"101":0,"102":0,"106":0,"113":1,"114":0,"115":0,"116":0,"118":0,"119":0,"120":0,"124":0,"131":1}},
"/Users/matthewmeister/betamore_bewd_f2015/ticTacToe/routes/users.js":{"path":"/Users/matthewmeister/betamore_bewd_f2015/ticTacToe/routes/users.js","s":{"1":1,"2":1,"3":1,"4":1,"5":1,"6":0,"7":0,"8":1,"9":0,"10":0,"11":0,"12":0,"13":0,"14":1,"15":0,"16":0,"17":0,"18":0,"19":1,"20":8,"21":8,"22":8,"23":8,"24":8,"25":8,"26":2,"27":8,"28":1,"29":8,"30":0,"31":8,"32":1,"33":0,"34":1,"35":0,"36":0,"37":0,"38":0,"39":0,"40":0,"41":0,"42":0,"43":1,"44":0,"45":0,"46":0,"47":0,"48":1},"b":{"1":[0,0],"2":[0,0],"3":[8,6],"4":[8,7],"5":[2,6],"6":[1,7],"7":[0,0]},"f":{"1":0,"2":0,"3":0,"4":0,"5":0,"6":8,"7":8,"8":0,"9":8,"10":0,"11":0,"12":0,"13":0,"14":0,"15":0,"16":0,"17":0},"fnMap":{"1":{"name":"checkFormat","line":12,"loc":{"start":{"line":12,"column":23},"end":{"line":12,"column":67}}},"2":{"name":"(anonymous_2)","line":17,"loc":{"start":{"line":17,"column":25},"end":{"line":17,"column":50}}},"3":{"name":"(anonymous_3)","line":19,"loc":{"start":{"line":19,"column":10},"end":{"line":19,"column":25}}},"4":{"name":"(anonymous_4)","line":30,"loc":{"start":{"line":30,"column":30},"end":{"line":30,"column":49}}},"5":{"name":"(anonymous_5)","line":32,"loc":{"start":{"line":32,"column":10},"end":{"line":32,"column":25}}},"6":{"name":"(anonymous_6)","line":42,"loc":{"start":{"line":42,"column":16},"end":{"line":42,"column":35}}},"7":{"name":"(anonymous_7)","line":55,"loc":{"start":{"line":55,"column":10},"end":{"line":55,"column":29}}},"8":{"name":"(anonymous_8)","line":64,"loc":{"start":{"line":64,"column":12},"end":{"line":64,"column":23}}},"9":{"name":"(anonymous_9)","line":67,"loc":{"start":{"line":67,"column":12},"end":{"line":67,"column":23}}},"10":{"name":"(anonymous_10)","line":74,"loc":{"start":{"line":74,"column":17},"end":{"line":74,"column":36}}},"11":{"name":"(anonymous_11)","line":80,"loc":{"start":{"line":80,"column":22},"end":{"line":80,"column":41}}},"12":{"name":"(anonymous_12)","line":82,"loc":{"start":{"line":82,"column":10},"end":{"line":82,"column":25}}},"13":{"name":"(anonymous_13)","line":86,"loc":{"start":{"line":86,"column":25},"end":{"line":86,"column":36}}},"14":{"name":"(anonymous_14)","line":97,"loc":{"start":{"line":97,"column":34},"end":{"line":97,"column":53}}},"15":{"name":"(anonymous_15)","line":100,"loc":{"start":{"line":100,"column":10},"end":{"line":100,"column":25}}},"16":{"name":"(anonymous_16)","line":102,"loc":{"start":{"line":102,"column":13},"end":{"line":102,"column":24}}},"17":{"name":"(anonymous_17)","line":105,"loc":{"start":{"line":105,"column":13},"end":{"line":105,"column":24}}}},"statementMap":{"1":{"start":{"line":2,"column":0},"end":{"line":2,"column":33}},"2":{"start":{"line":3,"column":0},"end":{"line":3,"column":30}},"3":{"start":{"line":5,"column":0},"end":{"line":5,"column":37}},"4":{"start":{"line":7,"column":0},"end":{"line":10,"column":2}},"5":{"start":{"line":12,"column":0},"end":{"line":15,"column":3}},"6":{"start":{"line":13,"column":2},"end":{"line":13,"column":38}},"7":{"start":{"line":14,"column":2},"end":{"line":14,"column":9}},"8":{"start":{"line":17,"column":0},"end":{"line":27,"column":3}},"9":{"start":{"line":18,"column":2},"end":{"line":26,"column":7}},"10":{"start":{"line":20,"column":6},"end":{"line":25,"column":7}},"11":{"start":{"line":21,"column":8},"end":{"line":21,"column":42}},"12":{"start":{"line":22,"column":8},"end":{"line":22,"column":15}},"13":{"start":{"line":24,"column":8},"end":{"line":24,"column":79}},"14":{"start":{"line":30,"column":0},"end":{"line":39,"column":3}},"15":{"start":{"line":31,"column":2},"end":{"line":38,"column":7}},"16":{"start":{"line":33,"column":6},"end":{"line":37,"column":7}},"17":{"start":{"line":34,"column":8},"end":{"line":34,"column":23}},"18":{"start":{"line":36,"column":8},"end":{"line":36,"column":24}},"19":{"start":{"line":42,"column":0},"end":{"line":72,"column":3}},"20":{"start":{"line":43,"column":2},"end":{"line":43,"column":56}},"21":{"start":{"line":44,"column":2},"end":{"line":44,"column":46}},"22":{"start":{"line":45,"column":2},"end":{"line":45,"column":38}},"23":{"start":{"line":46,"column":2},"end":{"line":71,"column":5}},"24":{"start":{"line":56,"column":6},"end":{"line":56,"column":45}},"25":{"start":{"line":57,"column":6},"end":{"line":59,"column":7}},"26":{"start":{"line":58,"column":8},"end":{"line":58,"column":49}},"27":{"start":{"line":60,"column":6},"end":{"line":62,"column":7}},"28":{"start":{"line":61,"column":8},"end":{"line":61,"column":45}},"29":{"start":{"line":63,"column":4},"end":{"line":70,"column":7}},"30":{"start":{"line":65,"column":8},"end":{"line":65,"column":37}},"31":{"start":{"line":68,"column":8},"end":{"line":68,"column":28}},"32":{"start":{"line":74,"column":0},"end":{"line":77,"column":3}},"33":{"start":{"line":75,"column":2},"end":{"line":75,"column":62}},"34":{"start":{"line":80,"column":0},"end":{"line":94,"column":3}},"35":{"start":{"line":81,"column":2},"end":{"line":93,"column":7}},"36":{"start":{"line":83,"column":6},"end":{"line":92,"column":7}},"37":{"start":{"line":84,"column":8},"end":{"line":84,"column":28}},"38":{"start":{"line":85,"column":8},"end":{"line":85,"column":38}},"39":{"start":{"line":86,"column":8},"end":{"line":88,"column":11}},"40":{"start":{"line":87,"column":10},"end":{"line":87,"column":49}},"41":{"start":{"line":90,"column":8},"end":{"line":90,"column":59}},"42":{"start":{"line":91,"column":8},"end":{"line":91,"column":34}},"43":{"start":{"line":97,"column":0},"end":{"line":110,"column":3}},"44":{"start":{"line":99,"column":2},"end":{"line":109,"column":5}},"45":{"start":{"line":101,"column":6},"end":{"line":108,"column":9}},"46":{"start":{"line":103,"column":10},"end":{"line":103,"column":55}},"47":{"start":{"line":106,"column":9},"end":{"line":106,"column":24}},"48":{"start":{"line":114,"column":0},"end":{"line":114,"column":24}}},"branchMap":{"1":{"line":20,"type":"if","locations":[{"start":{"line":20,"column":6},"end":{"line":20,"column":6}},{"start":{"line":20,"column":6},"end":{"line":20,"column":6}}]},"2":{"line":33,"type":"if","locations":[{"start":{"line":33,"column":6},"end":{"line":33,"column":6}},{"start":{"line":33,"column":6},"end":{"line":33,"column":6}}]},"3":{"line":43,"type":"binary-expr","locations":[{"start":{"line":43,"column":22},"end":{"line":43,"column":50}},{"start":{"line":43,"column":54},"end":{"line":43,"column":55}}]},"4":{"line":44,"type":"binary-expr","locations":[{"start":{"line":44,"column":19},"end":{"line":44,"column":39}},{"start":{"line":44,"column":43},"end":{"line":44,"column":45}}]},"5":{"line":57,"type":"if","locations":[{"start":{"line":57,"column":6},"end":{"line":57,"column":6}},{"start":{"line":57,"column":6},"end":{"line":57,"column":6}}]},"6":{"line":60,"type":"if","locations":[{"start":{"line":60,"column":6},"end":{"line":60,"column":6}},{"start":{"line":60,"column":6},"end":{"line":60,"column":6}}]},"7":{"line":83,"type":"if","locations":[{"start":{"line":83,"column":6},"end":{"line":83,"column":6}},{"start":{"line":83,"column":6},"end":{"line":83,"column":6}}]}},"l":{"2":1,"3":1,"5":1,"7":1,"12":1,"13":0,"14":0,"17":1,"18":0,"20":0,"21":0,"22":0,"24":0,"30":1,"31":0,"33":0,"34":0,"36":0,"42":1,"43":8,"44":8,"45":8,"46":8,"56":8,"57":8,"58":2,"60":8,"61":1,"63":8,"65":0,"68":8,"74":1,"75":0,"80":1,"81":0,"83":0,"84":0,"85":0,"86":0,"87":0,"90":0,"91":0,"97":1,"99":0,"101":0,"103":0,"106":0,"114":1}},
"/Users/matthewmeister/betamore_bewd_f2015/ticTacToe/routes/login.js":{"path":"/Users/matthewmeister/betamore_bewd_f2015/ticTacToe/routes/login.js","s":{"1":1,"2":1,"3":1,"4":1,"5":1,"6":0,"7":0,"8":0,"9":1,"10":1,"11":10,"12":3,"13":3,"14":3,"15":7,"16":7,"17":5,"18":2,"19":1,"20":1,"21":0,"22":0,"23":1,"24":1,"25":1,"26":1,"27":0,"28":0,"29":1,"30":3,"31":3,"32":3,"33":2,"34":2,"35":1,"36":2,"37":2,"38":2,"39":1,"40":1,"41":1,"42":1},"b":{"1":[0,1],"2":[3,7],"3":[10,8],"4":[5,2],"5":[2,3],"6":[1,1]},"f":{"1":1,"2":0,"3":10,"4":3,"5":7,"6":1,"7":0,"8":1,"9":1,"10":0,"11":1,"12":3,"13":2,"14":1,"15":2,"16":1,"17":1},"fnMap":{"1":{"name":"(anonymous_1)","line":6,"loc":{"start":{"line":6,"column":13},"end":{"line":6,"column":32}}},"2":{"name":"(anonymous_2)","line":9,"loc":{"start":{"line":9,"column":21},"end":{"line":9,"column":32}}},"3":{"name":"(anonymous_3)","line":17,"loc":{"start":{"line":17,"column":14},"end":{"line":17,"column":33}}},"4":{"name":"(anonymous_4)","line":20,"loc":{"start":{"line":20,"column":21},"end":{"line":20,"column":32}}},"5":{"name":"(anonymous_5)","line":25,"loc":{"start":{"line":25,"column":12},"end":{"line":25,"column":27}}},"6":{"name":"(anonymous_6)","line":29,"loc":{"start":{"line":29,"column":31},"end":{"line":29,"column":42}}},"7":{"name":"(anonymous_7)","line":31,"loc":{"start":{"line":31,"column":24},"end":{"line":31,"column":35}}},"8":{"name":"(anonymous_8)","line":35,"loc":{"start":{"line":35,"column":24},"end":{"line":35,"column":35}}},"9":{"name":"(anonymous_9)","line":44,"loc":{"start":{"line":44,"column":31},"end":{"line":44,"column":42}}},"10":{"name":"(anonymous_10)","line":46,"loc":{"start":{"line":46,"column":24},"end":{"line":46,"column":35}}},"11":{"name":"(anonymous_11)","line":50,"loc":{"start":{"line":50,"column":24},"end":{"line":50,"column":35}}},"12":{"name":"(anonymous_12)","line":58,"loc":{"start":{"line":58,"column":29},"end":{"line":58,"column":40}}},"13":{"name":"(anonymous_13)","line":60,"loc":{"start":{"line":60,"column":22},"end":{"line":60,"column":33}}},"14":{"name":"(anonymous_14)","line":64,"loc":{"start":{"line":64,"column":22},"end":{"line":64,"column":33}}},"15":{"name":"(anonymous_15)","line":73,"loc":{"start":{"line":73,"column":27},"end":{"line":73,"column":38}}},"16":{"name":"(anonymous_16)","line":75,"loc":{"start":{"line":75,"column":20},"end":{"line":75,"column":31}}},"17":{"name":"(anonymous_17)","line":79,"loc":{"start":{"line":79,"column":20},"end":{"line":79,"column":31}}}},"statementMap":{"1":{"start":{"line":1,"column":0},"end":{"line":1,"column":33}},"2":{"start":{"line":2,"column":0},"end":{"line":2,"column":27}},"3":{"start":{"line":4,"column":0},"end":{"line":4,"column":37}},"4":{"start":{"line":6,"column":0},"end":{"line":15,"column":3}},"5":{"start":{"line":7,"column":2},"end":{"line":14,"column":3}},"6":{"start":{"line":8,"column":4},"end":{"line":8,"column":51}},"7":{"start":{"line":9,"column":4},"end":{"line":11,"column":7}},"8":{"start":{"line":10,"column":6},"end":{"line":10,"column":29}},"9":{"start":{"line":13,"column":4},"end":{"line":13,"column":24}},"10":{"start":{"line":17,"column":0},"end":{"line":108,"column":3}},"11":{"start":{"line":18,"column":2},"end":{"line":107,"column":3}},"12":{"start":{"line":19,"column":4},"end":{"line":19,"column":70}},"13":{"start":{"line":20,"column":4},"end":{"line":22,"column":7}},"14":{"start":{"line":21,"column":6},"end":{"line":21,"column":26}},"15":{"start":{"line":24,"column":4},"end":{"line":86,"column":9}},"16":{"start":{"line":26,"column":8},"end":{"line":85,"column":9}},"17":{"start":{"line":27,"column":10},"end":{"line":70,"column":11}},"18":{"start":{"line":28,"column":12},"end":{"line":55,"column":13}},"19":{"start":{"line":29,"column":14},"end":{"line":40,"column":17}},"20":{"start":{"line":30,"column":16},"end":{"line":38,"column":19}},"21":{"start":{"line":32,"column":20},"end":{"line":32,"column":90}},"22":{"start":{"line":33,"column":20},"end":{"line":33,"column":43}},"23":{"start":{"line":36,"column":20},"end":{"line":36,"column":83}},"24":{"start":{"line":43,"column":14},"end":{"line":43,"column":44}},"25":{"start":{"line":44,"column":14},"end":{"line":54,"column":17}},"26":{"start":{"line":45,"column":16},"end":{"line":53,"column":19}},"27":{"start":{"line":47,"column":20},"end":{"line":47,"column":55}},"28":{"start":{"line":48,"column":20},"end":{"line":48,"column":43}},"29":{"start":{"line":51,"column":20},"end":{"line":51,"column":71}},"30":{"start":{"line":57,"column":12},"end":{"line":57,"column":49}},"31":{"start":{"line":58,"column":12},"end":{"line":69,"column":15}},"32":{"start":{"line":59,"column":14},"end":{"line":67,"column":17}},"33":{"start":{"line":61,"column":18},"end":{"line":61,"column":55}},"34":{"start":{"line":62,"column":18},"end":{"line":62,"column":38}},"35":{"start":{"line":65,"column":18},"end":{"line":65,"column":71}},"36":{"start":{"line":72,"column":10},"end":{"line":72,"column":51}},"37":{"start":{"line":73,"column":10},"end":{"line":84,"column":13}},"38":{"start":{"line":74,"column":12},"end":{"line":82,"column":15}},"39":{"start":{"line":76,"column":16},"end":{"line":76,"column":57}},"40":{"start":{"line":77,"column":16},"end":{"line":77,"column":36}},"41":{"start":{"line":80,"column":16},"end":{"line":80,"column":73}},"42":{"start":{"line":110,"column":0},"end":{"line":110,"column":21}}},"branchMap":{"1":{"line":7,"type":"if","locations":[{"start":{"line":7,"column":2},"end":{"line":7,"column":2}},{"start":{"line":7,"column":2},"end":{"line":7,"column":2}}]},"2":{"line":18,"type":"if","locations":[{"start":{"line":18,"column":2},"end":{"line":18,"column":2}},{"start":{"line":18,"column":2},"end":{"line":18,"column":2}}]},"3":{"line":18,"type":"binary-expr","locations":[{"start":{"line":18,"column":5},"end":{"line":18,"column":23}},{"start":{"line":18,"column":27},"end":{"line":18,"column":46}}]},"4":{"line":26,"type":"if","locations":[{"start":{"line":26,"column":8},"end":{"line":26,"column":8}},{"start":{"line":26,"column":8},"end":{"line":26,"column":8}}]},"5":{"line":27,"type":"if","locations":[{"start":{"line":27,"column":10},"end":{"line":27,"column":10}},{"start":{"line":27,"column":10},"end":{"line":27,"column":10}}]},"6":{"line":28,"type":"if","locations":[{"start":{"line":28,"column":12},"end":{"line":28,"column":12}},{"start":{"line":28,"column":12},"end":{"line":28,"column":12}}]}},"l":{"1":1,"2":1,"4":1,"6":1,"7":1,"8":0,"9":0,"10":0,"13":1,"17":1,"18":10,"19":3,"20":3,"21":3,"24":7,"26":7,"27":5,"28":2,"29":1,"30":1,"32":0,"33":0,"36":1,"43":1,"44":1,"45":1,"47":0,"48":0,"51":1,"57":3,"58":3,"59":3,"61":2,"62":2,"65":1,"72":2,"73":2,"74":2,"76":1,"77":1,"80":1,"110":1}},
"/Users/matthewmeister/betamore_bewd_f2015/ticTacToe/routes/admin.js":{"path":"/Users/matthewmeister/betamore_bewd_f2015/ticTacToe/routes/admin.js","s":{"1":1,"2":1,"3":1,"4":1,"5":1,"6":0,"7":1},"b":{},"f":{"1":0},"fnMap":{"1":{"name":"(anonymous_1)","line":9,"loc":{"start":{"line":9,"column":16},"end":{"line":9,"column":35}}}},"statementMap":{"1":{"start":{"line":3,"column":0},"end":{"line":3,"column":33}},"2":{"start":{"line":4,"column":0},"end":{"line":4,"column":30}},"3":{"start":{"line":5,"column":0},"end":{"line":5,"column":32}},"4":{"start":{"line":7,"column":0},"end":{"line":7,"column":43}},"5":{"start":{"line":9,"column":0},"end":{"line":11,"column":3}},"6":{"start":{"line":10,"column":2},"end":{"line":10,"column":24}},"7":{"start":{"line":13,"column":0},"end":{"line":13,"column":24}}},"branchMap":{},"l":{"3":1,"4":1,"5":1,"7":1,"9":1,"10":0,"13":1}},
"/Users/matthewmeister/betamore_bewd_f2015/ticTacToe/routes/register.js":{"path":"/Users/matthewmeister/betamore_bewd_f2015/ticTacToe/routes/register.js","s":{"1":1,"2":1,"3":1,"4":1,"5":1,"6":1,"7":5,"8":1,"9":1,"10":1,"11":4,"12":4,"13":2,"14":2,"15":1,"16":1,"17":1,"18":2,"19":2,"20":2,"21":2,"22":1,"23":1,"24":1},"b":{"1":[1,4],"2":[2,2]},"f":{"1":1,"2":5,"3":1,"4":4,"5":2,"6":1,"7":1,"8":2,"9":2,"10":1,"11":1},"fnMap":{"1":{"name":"(anonymous_1)","line":9,"loc":{"start":{"line":9,"column":13},"end":{"line":9,"column":32}}},"2":{"name":"(anonymous_2)","line":17,"loc":{"start":{"line":17,"column":14},"end":{"line":17,"column":33}}},"3":{"name":"(anonymous_3)","line":21,"loc":{"start":{"line":21,"column":21},"end":{"line":21,"column":32}}},"4":{"name":"(anonymous_4)","line":26,"loc":{"start":{"line":26,"column":12},"end":{"line":26,"column":24}}},"5":{"name":"(anonymous_5)","line":28,"loc":{"start":{"line":28,"column":28},"end":{"line":28,"column":39}}},"6":{"name":"(anonymous_6)","line":30,"loc":{"start":{"line":30,"column":20},"end":{"line":30,"column":31}}},"7":{"name":"(anonymous_7)","line":34,"loc":{"start":{"line":34,"column":20},"end":{"line":34,"column":31}}},"8":{"name":"(anonymous_8)","line":41,"loc":{"start":{"line":41,"column":18},"end":{"line":41,"column":36}}},"9":{"name":"(anonymous_9)","line":43,"loc":{"start":{"line":43,"column":31},"end":{"line":43,"column":42}}},"10":{"name":"(anonymous_10)","line":45,"loc":{"start":{"line":45,"column":24},"end":{"line":45,"column":35}}},"11":{"name":"(anonymous_11)","line":48,"loc":{"start":{"line":48,"column":24},"end":{"line":48,"column":35}}}},"statementMap":{"1":{"start":{"line":2,"column":0},"end":{"line":2,"column":33}},"2":{"start":{"line":3,"column":0},"end":{"line":3,"column":27}},"3":{"start":{"line":5,"column":0},"end":{"line":5,"column":37}},"4":{"start":{"line":9,"column":0},"end":{"line":15,"column":3}},"5":{"start":{"line":14,"column":2},"end":{"line":14,"column":25}},"6":{"start":{"line":17,"column":0},"end":{"line":59,"column":3}},"7":{"start":{"line":19,"column":2},"end":{"line":58,"column":3}},"8":{"start":{"line":20,"column":4},"end":{"line":20,"column":46}},"9":{"start":{"line":21,"column":4},"end":{"line":23,"column":7}},"10":{"start":{"line":22,"column":6},"end":{"line":22,"column":29}},"11":{"start":{"line":25,"column":4},"end":{"line":57,"column":9}},"12":{"start":{"line":27,"column":8},"end":{"line":55,"column":9}},"13":{"start":{"line":28,"column":10},"end":{"line":38,"column":13}},"14":{"start":{"line":29,"column":12},"end":{"line":37,"column":15}},"15":{"start":{"line":31,"column":16},"end":{"line":31,"column":64}},"16":{"start":{"line":32,"column":16},"end":{"line":32,"column":39}},"17":{"start":{"line":35,"column":16},"end":{"line":35,"column":78}},"18":{"start":{"line":40,"column":10},"end":{"line":54,"column":15}},"19":{"start":{"line":42,"column":14},"end":{"line":42,"column":47}},"20":{"start":{"line":43,"column":14},"end":{"line":53,"column":17}},"21":{"start":{"line":44,"column":16},"end":{"line":51,"column":19}},"22":{"start":{"line":46,"column":20},"end":{"line":46,"column":43}},"23":{"start":{"line":49,"column":20},"end":{"line":49,"column":46}},"24":{"start":{"line":61,"column":0},"end":{"line":61,"column":21}}},"branchMap":{"1":{"line":19,"type":"if","locations":[{"start":{"line":19,"column":2},"end":{"line":19,"column":2}},{"start":{"line":19,"column":2},"end":{"line":19,"column":2}}]},"2":{"line":27,"type":"if","locations":[{"start":{"line":27,"column":8},"end":{"line":27,"column":8}},{"start":{"line":27,"column":8},"end":{"line":27,"column":8}}]}},"l":{"2":1,"3":1,"5":1,"9":1,"14":1,"17":1,"19":5,"20":1,"21":1,"22":1,"25":4,"27":4,"28":2,"29":2,"31":1,"32":1,"35":1,"40":2,"42":2,"43":2,"44":2,"46":1,"49":1,"61":1}}}
